#
# There is insufficient memory for the Java Runtime Environment to continue.
# Native memory allocation (malloc) failed to allocate 1048576 bytes for AllocateHeap
# Possible reasons:
#   The system is out of physical RAM or swap space
#   In 32 bit mode, the process size limit was hit
# Possible solutions:
#   Reduce memory load on the system
#   Increase physical memory or swap space
#   Check if swap backing store is full
#   Use 64 bit Java on a 64 bit OS
#   Decrease Java heap size (-Xmx/-Xms)
#   Decrease number of Java threads
#   Decrease Java thread stack sizes (-Xss)
#   Set larger code cache with -XX:ReservedCodeCacheSize=
# This output file may be truncated or incomplete.
#
#  Out of Memory Error (memory/allocation.inline.hpp:61), pid=6736, tid=0x0000000000002bc4
#
# JRE version:  (8.0_181-b13) (build )
# Java VM: Java HotSpot(TM) 64-Bit Server VM (25.181-b13 mixed mode windows-amd64 compressed oops)
# Failed to write core dump. Minidumps are not enabled by default on client versions of Windows
#

---------------  T H R E A D  ---------------

Current thread (0x0000000002793800):  JavaThread "Unknown thread" [_thread_in_vm, id=11204, stack(0x0000000000eb0000,0x0000000000fb0000)]

Stack: [0x0000000000eb0000,0x0000000000fb0000]
[error occurred during error reporting (printing stack bounds), id 0xc0000005]

Native frames: (J=compiled Java code, j=interpreted, Vv=VM code, C=native code)


---------------  P R O C E S S  ---------------

Java Threads: ( => current thread )

Other Threads:

=>0x0000000002793800 (exited) JavaThread "Unknown thread" [_thread_in_vm, id=11204, stack(0x0000000000eb0000,0x0000000000fb0000)]

VM state:not at safepoint (normal execution)

VM Mutex/Monitor currently owned by a thread: None

Heap:
 PSYoungGen      total 18432K, used 317K [0x00000000ebb80000, 0x00000000ed000000, 0x0000000100000000)
  eden space 15872K, 2% used [0x00000000ebb80000,0x00000000ebbcf5d0,0x00000000ecb00000)
  from space 2560K, 0% used [0x00000000ecd80000,0x00000000ecd80000,0x00000000ed000000)
  to   space 2560K, 0% used [0x00000000ecb00000,0x00000000ecb00000,0x00000000ecd80000)
 ParOldGen       total 42496K, used 0K [0x00000000c3200000, 0x00000000c5b80000, 0x00000000ebb80000)
  object space 42496K, 0% used [0x00000000c3200000,0x00000000c3200000,0x00000000c5b80000)
 Metaspace       used 775K, capacity 4480K, committed 4480K, reserved 1056768K
  class space    used 76K, capacity 384K, committed 384K, reserved 1048576K

Card table byte_map: [0x0000000011ce0000,0x0000000011ed0000] byte_map_base: 0x00000000116c7000

Marking Bits: (ParMarkBitMap*) 0x0000000068052d00
 Begin Bits: [0x0000000012420000, 0x0000000013358000)
 End Bits:   [0x0000000013358000, 0x0000000014290000)

Polling page: 0x00000000009d0000

CodeCache: size=245760Kb used=327Kb max_used=327Kb free=245432Kb
 bounds [0x0000000002920000, 0x0000000002b90000, 0x0000000011920000]
 total_blobs=57 nmethods=0 adapters=38
 compilation: enabled

Compilation events (0 events):
No events

GC Heap History (0 events):
No events

Deoptimization events (0 events):
No events

Classes redefined (0 events):
No events

Internal exceptions (0 events):
No events

Events (10 events):
Event: 0.053 loading class java/lang/Short
Event: 0.053 loading class java/lang/Short done
Event: 0.053 loading class java/lang/Integer
Event: 0.053 loading class java/lang/Integer done
Event: 0.053 loading class java/lang/Long
Event: 0.053 loading class java/lang/Long done
Event: 0.055 loading class java/lang/NullPointerException
Event: 0.055 loading class java/lang/NullPointerException done
Event: 0.055 loading class java/lang/ArithmeticException
Event: 0.055 loading class java/lang/ArithmeticException done


Dynamic libraries:
0x00007ff7bc5e0000 - 0x00007ff7bc617000 	C:\Program Files\Java\jdk1.8.0_181\bin\java.exe
0x00007ffd45580000 - 0x00007ffd45770000 	C:\WINDOWS\SYSTEM32\ntdll.dll
0x00007ffd45160000 - 0x00007ffd45212000 	C:\WINDOWS\System32\KERNEL32.DLL
0x00007ffd43300000 - 0x00007ffd435a3000 	C:\WINDOWS\System32\KERNELBASE.dll
0x00007ffd453c0000 - 0x00007ffd45463000 	C:\WINDOWS\System32\ADVAPI32.dll
0x00007ffd43ab0000 - 0x00007ffd43b4e000 	C:\WINDOWS\System32\msvcrt.dll
0x00007ffd43a00000 - 0x00007ffd43a97000 	C:\WINDOWS\System32\sechost.dll
0x00007ffd447c0000 - 0x00007ffd448e0000 	C:\WINDOWS\System32\RPCRT4.dll
0x00007ffd45220000 - 0x00007ffd453b4000 	C:\WINDOWS\System32\USER32.dll
0x00007ffd43060000 - 0x00007ffd43081000 	C:\WINDOWS\System32\win32u.dll
0x00007ffd44070000 - 0x00007ffd44096000 	C:\WINDOWS\System32\GDI32.dll
0x00007ffd42e40000 - 0x00007ffd42fd4000 	C:\WINDOWS\System32\gdi32full.dll
0x00007ffd43160000 - 0x00007ffd431fe000 	C:\WINDOWS\System32\msvcp_win.dll
0x00007ffd43200000 - 0x00007ffd432fa000 	C:\WINDOWS\System32\ucrtbase.dll
0x00007ffd353c0000 - 0x00007ffd35645000 	C:\WINDOWS\WinSxS\amd64_microsoft.windows.common-controls_6595b64144ccf1df_6.0.18362.778_none_e6c6b761130d4fb8\COMCTL32.dll
0x00007ffd449b0000 - 0x00007ffd44ce6000 	C:\WINDOWS\System32\combase.dll
0x00007ffd435b0000 - 0x00007ffd43630000 	C:\WINDOWS\System32\bcryptPrimitives.dll
0x00007ffd43f10000 - 0x00007ffd43f3e000 	C:\WINDOWS\System32\IMM32.DLL
0x0000000067750000 - 0x0000000067822000 	C:\Program Files\Java\jdk1.8.0_181\jre\bin\msvcr100.dll
0x0000000067830000 - 0x00000000680d2000 	C:\Program Files\Java\jdk1.8.0_181\jre\bin\server\jvm.dll
0x00007ffd447b0000 - 0x00007ffd447b8000 	C:\WINDOWS\System32\PSAPI.DLL
0x00007ffd3b3d0000 - 0x00007ffd3b3d9000 	C:\WINDOWS\SYSTEM32\WSOCK32.dll
0x00007ffd3fd40000 - 0x00007ffd3fd64000 	C:\WINDOWS\SYSTEM32\WINMM.dll
0x00007ffd43990000 - 0x00007ffd439ff000 	C:\WINDOWS\System32\WS2_32.dll
0x00007ffd3fd10000 - 0x00007ffd3fd3d000 	C:\WINDOWS\SYSTEM32\WINMMBASE.dll
0x00007ffd43010000 - 0x00007ffd4305a000 	C:\WINDOWS\System32\cfgmgr32.dll
0x00007ffd39aa0000 - 0x00007ffd39aaa000 	C:\WINDOWS\SYSTEM32\VERSION.dll
0x0000000067700000 - 0x000000006770f000 	C:\Program Files\Java\jdk1.8.0_181\jre\bin\verify.dll
0x00000000676d0000 - 0x00000000676f9000 	C:\Program Files\Java\jdk1.8.0_181\jre\bin\java.dll
0x00000000676b0000 - 0x00000000676c6000 	C:\Program Files\Java\jdk1.8.0_181\jre\bin\zip.dll

VM Arguments:
jvm_args: -Dclassworlds.conf=C:\Program Files\NetBeans-11.1\netbeans\java\maven\bin\m2.conf -Dmaven.home=C:\Program Files\NetBeans-11.1\netbeans\java\maven -Dmaven.multiModuleProjectDirectory=C:\Users\w10_3\Desktop\Alkfejl\Tippmix 
java_command: org.codehaus.plexus.classworlds.launcher.Launcher -Dexec.args=-classpath %classpath hu.elte.Tippmix.TippmixApplication -Dexec.executable=C:\Program Files\Java\jdk1.8.0_181\bin\java.exe -Dmaven.ext.class.path=C:\Program Files\NetBeans-11.1\netbeans\java\maven-nblib\netbeans-eventspy.jar -Dfile.encoding=UTF-8 org.codehaus.mojo:exec-maven-plugin:1.5.0:exec
java_class_path (initial): C:\Program Files\NetBeans-11.1\netbeans\java\maven\boot\plexus-classworlds-2.5.2.jar
Launcher Type: SUN_STANDARD

Environment Variables:
JAVA_HOME=C:\Program Files\Java\jdk1.8.0_181
USERNAME=w10_3
OS=Windows_NT
PROCESSOR_IDENTIFIER=Intel64 Family 6 Model 37 Stepping 5, GenuineIntel



---------------  S Y S T E M  ---------------

OS: Windows 10.0 , 64 bit Build 18362 (10.0.18362.778)

CPU:total 4 (initial active 4) (2 cores per cpu, 2 threads per core) family 6 model 37 stepping 5, cmov, cx8, fxsr, mmx, sse, sse2, sse3, ssse3, sse4.1, sse4.2, popcnt, aes, clmul, ht, tsc, tscinvbit

Memory: 4k page, physical 3985060k(319132k free), swap 16043684k(5160k free)

vm_info: Java HotSpot(TM) 64-Bit Server VM (25.181-b13) for windows-amd64 JRE (1.8.0_181-b13), built on Jul  7 2018 04:01:33 by "java_re" with MS VC++ 10.0 (VS2010)

time: Thu May 07 19:57:34 2020
elapsed time: 0 seconds (0d 0h 0m 0s)

